14:03:22 **** Incremental Build of configuration Nios II for project eclipse_nios_ii ****
make all 
Info: Building ../eclipse_nios_ii_bsp/
C:/intelFPGA_lite/16.1/nios2eds/bin/gnu/H-x86_64-mingw32/bin/make --no-print-directory -C ../eclipse_nios_ii_bsp/
[BSP build complete]
Info: Linking eclipse_nios_ii.elf
nios2-elf-g++  -T'../eclipse_nios_ii_bsp//linker.x' -msys-crt0='../eclipse_nios_ii_bsp//obj/HAL/src/crt0.o' -msys-lib=hal_bsp -L../eclipse_nios_ii_bsp/   -Wl,-Map=eclipse_nios_ii.map   -O0 -g -Wall   -mno-hw-div -mno-hw-mul -mno-hw-mulx -mgpopt=global  -o eclipse_nios_ii.elf obj/default/hello_world.o -lm -msys-lib=m
c:/intelfpga_lite/16.1/nios2eds/bin/gnu/h-x86_64-mingw32/bin/../lib/gcc/nios2-elf/5.3.0/../../../../../H-x86_64-mingw32/nios2-elf/bin/ld.exe: eclipse_nios_ii.elf section `.text' will not fit in region `onchip_memory2_0'
c:/intelfpga_lite/16.1/nios2eds/bin/gnu/h-x86_64-mingw32/bin/../lib/gcc/nios2-elf/5.3.0/../../../../../H-x86_64-mingw32/nios2-elf/bin/ld.exe: address 0x7240 of eclipse_nios_ii.elf section `.rwdata' is not within region `onchip_memory2_0'
c:/intelfpga_lite/16.1/nios2eds/bin/gnu/h-x86_64-mingw32/bin/../lib/gcc/nios2-elf/5.3.0/../../../../../H-x86_64-mingw32/nios2-elf/bin/ld.exe: address 0x8e2c of eclipse_nios_ii.elf section `.bss' is not within region `onchip_memory2_0'
c:/intelfpga_lite/16.1/nios2eds/bin/gnu/h-x86_64-mingw32/bin/../lib/gcc/nios2-elf/5.3.0/../../../../../H-x86_64-mingw32/nios2-elf/bin/ld.exe: address 0x7240 of eclipse_nios_ii.elf section `.rwdata' is not within region `onchip_memory2_0'
c:/intelfpga_lite/16.1/nios2eds/bin/gnu/h-x86_64-mingw32/bin/../lib/gcc/nios2-elf/5.3.0/../../../../../H-x86_64-mingw32/nios2-elf/bin/ld.exe: address 0x8e2c of eclipse_nios_ii.elf section `.bss' is not within region `onchip_memory2_0'
c:/intelfpga_lite/16.1/nios2eds/bin/gnu/h-x86_64-mingw32/bin/../lib/gcc/nios2-elf/5.3.0/../../../../../H-x86_64-mingw32/nios2-elf/bin/ld.exe: region `onchip_memory2_0' overflowed by 15916 bytes
collect2.exe: error: ld returned 1 exit status
make: *** [eclipse_nios_ii.elf] Error 1

14:03:24 Build Finished (took 2s.877ms)

